<?xml version="1.0" encoding="UTF-8"?>
<!-- Generated by org.testng.reporters.JUnitReportReporter -->
<testsuite hostname="LAPTOP-4B31SIVM" failures="0" tests="3" name="com.microf.testcases.LoginPageTest" time="26.288" errors="0" timestamp="07 Oct 2018 17:07:23 GMT" skipped="0">
  <testcase classname="com.microf.testcases.LoginPageTest" name="ValidateLoginPage" time="8.554"/>
  <testcase classname="com.microf.testcases.LoginPageTest" name="LoginPagetitletest" time="7.743"/>
  <testcase classname="com.microf.testcases.LoginPageTest" name="LoginPage" time="9.991"/>
</testsuite> <!-- com.microf.testcases.LoginPageTest -->
