<?xml version="1.0" encoding="UTF-8"?>
<!-- Generated by org.testng.reporters.JUnitReportReporter -->
<testsuite hostname="LAPTOP-4B31SIVM" failures="0" tests="1" name="com.microf.testcases.E2ETest" time="29.664" errors="0" timestamp="08 Oct 2018 19:51:11 GMT" skipped="0">
  <testcase classname="com.microf.testcases.E2ETest" name="CreateApplication" time="29.664"/>
</testsuite> <!-- com.microf.testcases.E2ETest -->
